Release 14.6 - xst P.68d (nt64)
Copyright (c) 1995-2013 Xilinx, Inc.  All rights reserved.
--> Parameter TMPDIR set to xst/projnav.tmp


Total REAL time to Xst completion: 0.00 secs
Total CPU time to Xst completion: 0.06 secs
 
--> Parameter xsthdpdir set to xst


Total REAL time to Xst completion: 0.00 secs
Total CPU time to Xst completion: 0.06 secs
 
--> Reading design: fb_less_2d_gpu_standalone.prj

TABLE OF CONTENTS
  1) Synthesis Options Summary
  2) HDL Parsing
  3) HDL Elaboration
  4) HDL Synthesis
       4.1) HDL Synthesis Report
  5) Advanced HDL Synthesis
       5.1) Advanced HDL Synthesis Report
  6) Low Level Synthesis
  7) Partition Report
  8) Design Summary
       8.1) Primitive and Black Box Usage
       8.2) Device utilization summary
       8.3) Partition Resource Summary
       8.4) Timing Report
            8.4.1) Clock Information
            8.4.2) Asynchronous Control Signals Information
            8.4.3) Timing Summary
            8.4.4) Timing Details
            8.4.5) Cross Clock Domains Report


=========================================================================
*                      Synthesis Options Summary                        *
=========================================================================
---- Source Parameters
Input File Name                    : "fb_less_2d_gpu_standalone.prj"
Ignore Synthesis Constraint File   : NO

---- Target Parameters
Output File Name                   : "fb_less_2d_gpu_standalone"
Output Format                      : NGC
Target Device                      : xc6slx45-2-fgg676

---- Source Options
Top Module Name                    : fb_less_2d_gpu_standalone
Automatic FSM Extraction           : YES
FSM Encoding Algorithm             : Auto
Safe Implementation                : No
FSM Style                          : LUT
RAM Extraction                     : Yes
RAM Style                          : Auto
ROM Extraction                     : Yes
Shift Register Extraction          : YES
ROM Style                          : Auto
Resource Sharing                   : YES
Asynchronous To Synchronous        : NO
Shift Register Minimum Size        : 2
Use DSP Block                      : Auto
Automatic Register Balancing       : No

---- Target Options
LUT Combining                      : Auto
Reduce Control Sets                : Auto
Add IO Buffers                     : YES
Global Maximum Fanout              : 100000
Add Generic Clock Buffer(BUFG)     : 16
Register Duplication               : YES
Optimize Instantiated Primitives   : NO
Use Clock Enable                   : Auto
Use Synchronous Set                : Auto
Use Synchronous Reset              : Auto
Pack IO Registers into IOBs        : Auto
Equivalent register Removal        : YES

---- General Options
Optimization Goal                  : Speed
Optimization Effort                : 1
Power Reduction                    : NO
Keep Hierarchy                     : No
Netlist Hierarchy                  : As_Optimized
RTL Output                         : Yes
Global Optimization                : AllClockNets
Read Cores                         : YES
Write Timing Constraints           : NO
Cross Clock Analysis               : NO
Hierarchy Separator                : /
Bus Delimiter                      : <>
Case Specifier                     : Maintain
Slice Utilization Ratio            : 100
BRAM Utilization Ratio             : 100
DSP48 Utilization Ratio            : 100
Auto BRAM Packing                  : NO
Slice Utilization Ratio Delta      : 5

=========================================================================


=========================================================================
*                          HDL Parsing                                  *
=========================================================================
Parsing VHDL file "D:\FBless_2D_GPU\pcores\fb_less_2d_gpu_periph_v1_00_a\hdl\vhdl\vga_ctrl_e.vhd" into library fb_less_2d_gpu_periph_v1_00_a
Parsing entity <vga_ctrl>.
Parsing VHDL file "D:\FBless_2D_GPU\pcores\fb_less_2d_gpu_periph_v1_00_a\hdl\vhdl\ram.vhd" into library fb_less_2d_gpu_periph_v1_00_a
Parsing entity <ram>.
Parsing architecture <arch> of entity <ram>.
Parsing VHDL file "D:\FBless_2D_GPU\pcores\fb_less_2d_gpu_periph_v1_00_a\hdl\vhdl\clk_gen_100MHz_e.vhd" into library fb_less_2d_gpu_periph_v1_00_a
Parsing entity <clk_gen_100MHz>.
Parsing VHDL file "D:\FBless_2D_GPU\pcores\fb_less_2d_gpu_periph_v1_00_a\devl\projnav\reg.vhd" into library work
Parsing entity <reg>.
Parsing architecture <arch_reg> of entity <reg>.
Parsing VHDL file "D:\FBless_2D_GPU\pcores\fb_less_2d_gpu_periph_v1_00_a\hdl\vhdl\vga_ctrl_a.vhd" into library fb_less_2d_gpu_periph_v1_00_a
Parsing architecture <arch_v1> of entity <vga_ctrl>.
Parsing VHDL file "D:\FBless_2D_GPU\pcores\fb_less_2d_gpu_periph_v1_00_a\hdl\vhdl\fb_less_2d_gpu.vhd" into library fb_less_2d_gpu_periph_v1_00_a
Parsing entity <fb_less_2d_gpu>.
Parsing architecture <Behavioral> of entity <fb_less_2d_gpu>.
Parsing VHDL file "D:\FBless_2D_GPU\pcores\fb_less_2d_gpu_periph_v1_00_a\hdl\vhdl\clk_gen_100MHz_a.vhd" into library fb_less_2d_gpu_periph_v1_00_a
Parsing architecture <arch_v1> of entity <clk_gen_100mhz>.
Parsing VHDL file "D:\FBless_2D_GPU\pcores\fb_less_2d_gpu_periph_v1_00_a\hdl\vhdl\fb_less_2d_gpu_standalone.vhd" into library work
Parsing entity <fb_less_2d_gpu_standalone>.
Parsing architecture <IMP> of entity <fb_less_2d_gpu_standalone>.

=========================================================================
*                            HDL Elaboration                            *
=========================================================================

Elaborating entity <fb_less_2d_gpu_standalone> (architecture <IMP>) from library <work>.

Elaborating entity <vga_ctrl> (architecture <arch_v1>) from library <fb_less_2d_gpu_periph_v1_00_a>.

Elaborating entity <fb_less_2d_gpu> (architecture <Behavioral>) with generics from library <fb_less_2d_gpu_periph_v1_00_a>.
WARNING:HDLCompiler:1127 - "D:\FBless_2D_GPU\pcores\fb_less_2d_gpu_periph_v1_00_a\hdl\vhdl\fb_less_2d_gpu.vhd" Line 398: Assignment to rect_list_s ignored, since the identifier is never used
WARNING:HDLCompiler:92 - "D:\FBless_2D_GPU\pcores\fb_less_2d_gpu_periph_v1_00_a\hdl\vhdl\fb_less_2d_gpu.vhd" Line 447: rst_n_i should be on the sensitivity list of the process
WARNING:HDLCompiler:1127 - "D:\FBless_2D_GPU\pcores\fb_less_2d_gpu_periph_v1_00_a\hdl\vhdl\fb_less_2d_gpu.vhd" Line 508: Assignment to map_addr_r1 ignored, since the identifier is never used
WARNING:HDLCompiler:1127 - "D:\FBless_2D_GPU\pcores\fb_less_2d_gpu_periph_v1_00_a\hdl\vhdl\fb_less_2d_gpu.vhd" Line 625: Assignment to img_pix_addr_r7 ignored, since the identifier is never used
WARNING:HDLCompiler:1127 - "D:\FBless_2D_GPU\pcores\fb_less_2d_gpu_periph_v1_00_a\hdl\vhdl\fb_less_2d_gpu.vhd" Line 702: Assignment to sprt_addr_r10 ignored, since the identifier is never used
WARNING:HDLCompiler:1127 - "D:\FBless_2D_GPU\pcores\fb_less_2d_gpu_periph_v1_00_a\hdl\vhdl\fb_less_2d_gpu.vhd" Line 753: Assignment to reg_intsect_r13 ignored, since the identifier is never used
WARNING:HDLCompiler:1127 - "D:\FBless_2D_GPU\pcores\fb_less_2d_gpu_periph_v1_00_a\hdl\vhdl\fb_less_2d_gpu.vhd" Line 804: Assignment to palette_addr_r16 ignored, since the identifier is never used

Elaborating entity <ram> (architecture <arch>) with generics from library <fb_less_2d_gpu_periph_v1_00_a>.

Elaborating entity <reg> (architecture <arch_reg>) with generics from library <work>.

Elaborating entity <reg> (architecture <arch_reg>) with generics from library <work>.

Elaborating entity <reg> (architecture <arch_reg>) with generics from library <work>.

Elaborating entity <reg> (architecture <arch_reg>) with generics from library <work>.

Elaborating entity <clk_gen_100MHz> (architecture <arch_v1>) from library <fb_less_2d_gpu_periph_v1_00_a>.
