Release 14.6 - xst P.68d (nt64)
Copyright (c) 1995-2013 Xilinx, Inc.  All rights reserved.
--> Parameter TMPDIR set to xst/projnav.tmp


Total REAL time to Xst completion: 0.00 secs
Total CPU time to Xst completion: 0.55 secs
 
--> Parameter xsthdpdir set to xst


Total REAL time to Xst completion: 0.00 secs
Total CPU time to Xst completion: 0.55 secs
 
--> Reading design: fb_less_2d_gpu_periph.prj

TABLE OF CONTENTS
  1) Synthesis Options Summary
  2) HDL Parsing
  3) HDL Elaboration
  4) HDL Synthesis
       4.1) HDL Synthesis Report
  5) Advanced HDL Synthesis
       5.1) Advanced HDL Synthesis Report
  6) Low Level Synthesis
  7) Partition Report
  8) Design Summary
       8.1) Primitive and Black Box Usage
       8.2) Device utilization summary
       8.3) Partition Resource Summary
       8.4) Timing Report
            8.4.1) Clock Information
            8.4.2) Asynchronous Control Signals Information
            8.4.3) Timing Summary
            8.4.4) Timing Details
            8.4.5) Cross Clock Domains Report


=========================================================================
*                      Synthesis Options Summary                        *
=========================================================================
---- Source Parameters
Input File Name                    : "fb_less_2d_gpu_periph.prj"
Ignore Synthesis Constraint File   : NO

---- Target Parameters
Output File Name                   : "fb_less_2d_gpu_periph"
Output Format                      : NGC
Target Device                      : xc6slx45-2-fgg676

---- Source Options
Top Module Name                    : fb_less_2d_gpu_periph
Automatic FSM Extraction           : YES
FSM Encoding Algorithm             : Auto
Safe Implementation                : No
FSM Style                          : LUT
RAM Extraction                     : Yes
RAM Style                          : Auto
ROM Extraction                     : Yes
Shift Register Extraction          : YES
ROM Style                          : Auto
Resource Sharing                   : YES
Asynchronous To Synchronous        : NO
Shift Register Minimum Size        : 2
Use DSP Block                      : Auto
Automatic Register Balancing       : No

---- Target Options
LUT Combining                      : Auto
Reduce Control Sets                : Auto
Add IO Buffers                     : YES
Global Maximum Fanout              : 100000
Add Generic Clock Buffer(BUFG)     : 16
Register Duplication               : YES
Optimize Instantiated Primitives   : NO
Use Clock Enable                   : Auto
Use Synchronous Set                : Auto
Use Synchronous Reset              : Auto
Pack IO Registers into IOBs        : Auto
Equivalent register Removal        : YES

---- General Options
Optimization Goal                  : Speed
Optimization Effort                : 1
Power Reduction                    : NO
Keep Hierarchy                     : No
Netlist Hierarchy                  : As_Optimized
RTL Output                         : Yes
Global Optimization                : AllClockNets
Read Cores                         : YES
Write Timing Constraints           : NO
Cross Clock Analysis               : NO
Hierarchy Separator                : /
Bus Delimiter                      : <>
Case Specifier                     : Maintain
Slice Utilization Ratio            : 100
BRAM Utilization Ratio             : 100
DSP48 Utilization Ratio            : 100
Auto BRAM Packing                  : NO
Slice Utilization Ratio Delta      : 5

=========================================================================


=========================================================================
*                          HDL Parsing                                  *
=========================================================================
Parsing VHDL file "C:/Xilinx/14.6/ISE_DS/EDK/hw/XilinxProcessorIPLib/pcores/proc_common_v3_00_a/hdl/vhdl/proc_common_pkg.vhd" into library proc_common_v3_00_a
Parsing package <proc_common_pkg>.
Parsing package body <proc_common_pkg>.
Parsing VHDL file "C:/Xilinx/14.6/ISE_DS/EDK/hw/XilinxProcessorIPLib/pcores/proc_common_v3_00_a/hdl/vhdl/family_support.vhd" into library proc_common_v3_00_a
Parsing package <family_support>.
Parsing package body <family_support>.
Parsing VHDL file "C:/Xilinx/14.6/ISE_DS/EDK/hw/XilinxProcessorIPLib/pcores/proc_common_v3_00_a/hdl/vhdl/pselect_f.vhd" into library proc_common_v3_00_a
Parsing entity <pselect_f>.
Parsing architecture <imp> of entity <pselect_f>.
Parsing VHDL file "C:/Xilinx/14.6/ISE_DS/EDK/hw/XilinxProcessorIPLib/pcores/proc_common_v3_00_a/hdl/vhdl/ipif_pkg.vhd" into library proc_common_v3_00_a
Parsing package <ipif_pkg>.
Parsing package body <ipif_pkg>.
Parsing VHDL file "C:/Xilinx/14.6/ISE_DS/EDK/hw/XilinxProcessorIPLib/pcores/proc_common_v3_00_a/hdl/vhdl/counter_f.vhd" into library proc_common_v3_00_a
Parsing entity <counter_f>.
Parsing architecture <imp> of entity <counter_f>.
Parsing VHDL file "C:/Xilinx/14.6/ISE_DS/EDK/hw/XilinxProcessorIPLib/pcores/axi_lite_ipif_v1_01_a/hdl/vhdl/address_decoder.vhd" into library axi_lite_ipif_v1_01_a
Parsing entity <address_decoder>.
Parsing architecture <IMP> of entity <address_decoder>.
Parsing VHDL file "D:\FBless_2D_GPU\pcores\fb_less_2d_gpu_periph_v1_00_a\hdl\vhdl\ram.vhd" into library work
Parsing entity <ram>.
Parsing architecture <arch> of entity <ram>.
Parsing VHDL file "C:/Xilinx/14.6/ISE_DS/EDK/hw/XilinxProcessorIPLib/pcores/axi_lite_ipif_v1_01_a/hdl/vhdl/slave_attachment.vhd" into library axi_lite_ipif_v1_01_a
Parsing entity <slave_attachment>.
Parsing architecture <imp> of entity <slave_attachment>.
Parsing VHDL file "D:\FBless_2D_GPU\pcores\fb_less_2d_gpu_periph_v1_00_a\hdl\vhdl\vga_ctrl.vhd" into library work
Parsing architecture <arch_v1> of entity <vga_ctrl>.
ERROR:HDLCompiler:374 - "D:\FBless_2D_GPU\pcores\fb_less_2d_gpu_periph_v1_00_a\hdl\vhdl\vga_ctrl.vhd" Line 14: Entity <vga_ctrl> is not yet compiled.
ERROR:HDLCompiler:24 - "D:\FBless_2D_GPU\pcores\fb_less_2d_gpu_periph_v1_00_a\hdl\vhdl\vga_ctrl.vhd" Line 46: "**" expects 2 arguments
ERROR:HDLCompiler:69 - "D:\FBless_2D_GPU\pcores\fb_less_2d_gpu_periph_v1_00_a\hdl\vhdl\vga_ctrl.vhd" Line 40: <in_reset> is not declared.
ERROR:HDLCompiler:69 - "D:\FBless_2D_GPU\pcores\fb_less_2d_gpu_periph_v1_00_a\hdl\vhdl\vga_ctrl.vhd" Line 39: <i_clk_100mhz> is not declared.
ERROR:HDLCompiler:187 - "D:\FBless_2D_GPU\pcores\fb_less_2d_gpu_periph_v1_00_a\hdl\vhdl\vga_ctrl.vhd" Line 39: Actual  of formal s must be a signal
ERROR:HDLCompiler:69 - "D:\FBless_2D_GPU\pcores\fb_less_2d_gpu_periph_v1_00_a\hdl\vhdl\vga_ctrl.vhd" Line 37: <i_clk_100mhz> is not declared.
ERROR:HDLCompiler:69 - "D:\FBless_2D_GPU\pcores\fb_less_2d_gpu_periph_v1_00_a\hdl\vhdl\vga_ctrl.vhd" Line 52: <o_phase> is not declared.
ERROR:HDLCompiler:1731 - "D:\FBless_2D_GPU\pcores\fb_less_2d_gpu_periph_v1_00_a\hdl\vhdl\vga_ctrl.vhd" Line 64: found '0' definitions of operator "+", cannot determine exact overloaded matching definition for "+"
ERROR:HDLCompiler:69 - "D:\FBless_2D_GPU\pcores\fb_less_2d_gpu_periph_v1_00_a\hdl\vhdl\vga_ctrl.vhd" Line 60: <in_reset> is not declared.
ERROR:HDLCompiler:69 - "D:\FBless_2D_GPU\pcores\fb_less_2d_gpu_periph_v1_00_a\hdl\vhdl\vga_ctrl.vhd" Line 59: <i_clk_100mhz> is not declared.
ERROR:HDLCompiler:187 - "D:\FBless_2D_GPU\pcores\fb_less_2d_gpu_periph_v1_00_a\hdl\vhdl\vga_ctrl.vhd" Line 59: Actual  of formal s must be a signal
ERROR:HDLCompiler:69 - "D:\FBless_2D_GPU\pcores\fb_less_2d_gpu_periph_v1_00_a\hdl\vhdl\vga_ctrl.vhd" Line 57: <i_clk_100mhz> is not declared.
ERROR:HDLCompiler:69 - "D:\FBless_2D_GPU\pcores\fb_less_2d_gpu_periph_v1_00_a\hdl\vhdl\vga_ctrl.vhd" Line 73: <o_pixel_x> is not declared.
ERROR:HDLCompiler:1731 - "D:\FBless_2D_GPU\pcores\fb_less_2d_gpu_periph_v1_00_a\hdl\vhdl\vga_ctrl.vhd" Line 82: found '0' definitions of operator "+", cannot determine exact overloaded matching definition for "+"
ERROR:HDLCompiler:1731 - "D:\FBless_2D_GPU\pcores\fb_less_2d_gpu_periph_v1_00_a\hdl\vhdl\vga_ctrl.vhd" Line 81: found '0' definitions of operator "+", cannot determine exact overloaded matching definition for "+"
ERROR:HDLCompiler:69 - "D:\FBless_2D_GPU\pcores\fb_less_2d_gpu_periph_v1_00_a\hdl\vhdl\vga_ctrl.vhd" Line 78: <in_reset> is not declared.
ERROR:HDLCompiler:69 - "D:\FBless_2D_GPU\pcores\fb_less_2d_gpu_periph_v1_00_a\hdl\vhdl\vga_ctrl.vhd" Line 77: <i_clk_100mhz> is not declared.
ERROR:HDLCompiler:187 - "D:\FBless_2D_GPU\pcores\fb_less_2d_gpu_periph_v1_00_a\hdl\vhdl\vga_ctrl.vhd" Line 77: Actual  of formal s must be a signal
ERROR:HDLCompiler:69 - "D:\FBless_2D_GPU\pcores\fb_less_2d_gpu_periph_v1_00_a\hdl\vhdl\vga_ctrl.vhd" Line 75: <i_clk_100mhz> is not declared.
Sorry, too many errors..
--> 

Total memory usage is 213300 kilobytes

Number of errors   :   19 (   0 filtered)
Number of warnings :    0 (   0 filtered)
Number of infos    :    0 (   0 filtered)

