Running: C:\Xilinx\14.6\ISE_DS\ISE\bin\nt64\unwrapped\fuse.exe -intstyle ise -incremental -lib secureip -o D:/FBless_2D_GPU/pcores/fb_less_2d_gpu_periph_v1_00_a/devl/projnav/testbench_isim_beh.exe -prj D:/FBless_2D_GPU/pcores/fb_less_2d_gpu_periph_v1_00_a/devl/projnav/testbench_beh.prj fb_less_2d_gpu_periph_v1_00_a.testbench 
ISim P.68d (signature 0x7708f090)
Number of CPUs detected in this system: 4
Turning on mult-threading, number of parallel sub-compilation jobs: 8 
Determining compilation order of HDL files
Parsing VHDL file "D:/FBless_2D_GPU/pcores/fb_less_2d_gpu_periph_v1_00_a/devl/projnav/../../hdl/vhdl/ram.vhd" into library fb_less_2d_gpu_periph_v1_00_a
Parsing VHDL file "D:/FBless_2D_GPU/pcores/fb_less_2d_gpu_periph_v1_00_a/devl/projnav/reg.vhd" into library fb_less_2d_gpu_periph_v1_00_a
Parsing VHDL file "D:/FBless_2D_GPU/pcores/fb_less_2d_gpu_periph_v1_00_a/devl/projnav/../../hdl/vhdl/fb_less_2d_gpu.vhd" into library fb_less_2d_gpu_periph_v1_00_a
Parsing VHDL file "D:/FBless_2D_GPU/pcores/fb_less_2d_gpu_periph_v1_00_a/devl/projnav/../../sim/fb_less_2d_gpu_tb.vhd" into library fb_less_2d_gpu_periph_v1_00_a
Starting static elaboration
Completed static elaboration
Compiling package standard
Compiling package std_logic_1164
Compiling package numeric_std
Compiling package std_logic_arith
Compiling package std_logic_unsigned
Compiling architecture arch of entity ram [\ram(32,13)\]
Compiling architecture arch_reg of entity reg [\reg(32,0)\]
Compiling architecture arch_reg of entity reg [\reg(16,0)\]
Compiling architecture arch_reg of entity reg [\reg(2,0)\]
Compiling architecture arch_reg of entity reg [\reg(20,0)\]
Compiling architecture arch_reg of entity reg [\reg(64,0)\]
Compiling architecture arch_reg of entity reg [\reg(8,0)\]
Compiling architecture arch_reg of entity reg [\reg(1,0)\]
Compiling architecture behavioral of entity fb_less_2d_gpu [fb_less_2d_gpu_default]
Compiling architecture behavior of entity testbench
Time Resolution for simulation is 1ps.
Waiting for 7 sub-compilation(s) to finish...
Compiled 24 VHDL Units
Built simulation executable D:/FBless_2D_GPU/pcores/fb_less_2d_gpu_periph_v1_00_a/devl/projnav/testbench_isim_beh.exe
Fuse Memory Usage: 39368 KB
Fuse CPU Usage: 1700 ms
