ISim log file
Running: D:\FBless_2D_GPU\pcores\fb_less_2d_gpu_periph_v1_00_a\devl\projnav\testbench_isim_par.exe -intstyle ise -gui -tclbatch isim.cmd -wdb D:/FBless_2D_GPU/pcores/fb_less_2d_gpu_periph_v1_00_a/devl/projnav/testbench_isim_par.wdb 
ISim P.68d (signature 0x7708f090)
WARNING: A WEBPACK license was found.
WARNING: Please use Xilinx License Configuration Manager to check out a full ISim license.
WARNING: ISim will run in Lite mode. Please refer to the ISim documentation for more information on the differences between the Lite and the Full version.
This is a Lite version of ISim.
Time resolution is 1 ps
# onerror resume
# wave add /
# run 1000 ns
Simulator is doing circuit initialization process.
Finished circuit initialization process.
# restart
# run 1.00us
Simulator is doing circuit initialization process.
Finished circuit initialization process.
# run 1.00us
# run all
Stopped at time : 331 us : File "D:/FBless_2D_GPU/pcores/fb_less_2d_gpu_periph_v1_00_a/hdl/vhdl/fb_less_2d_gpu.vhd" Line 665
# run all
Stopped at time : 2479275 ns : File "D:/FBless_2D_GPU/pcores/fb_less_2d_gpu_periph_v1_00_a/sim/fb_less_2d_gpu_tb.vhd" Line 51
# restart
# run 1.00us
Simulator is doing circuit initialization process.
Finished circuit initialization process.
# run 1.00us
# run all
Stopped at time : 1717050 ns : File "D:/FBless_2D_GPU/pcores/fb_less_2d_gpu_periph_v1_00_a/hdl/vhdl/fb_less_2d_gpu.vhd" Line 885
